nohup: ignoring input
problem: cauctions
gpu: 3
time limit: 200 s
running SCIP...
big: data/instances/cauctions/test_8000_16000/instance_1.lp...
  internal:relpscost 0 - 1 (1) nodes 2 lps 2e+02 (2.8e+02 wall 2e+02 proc) s. timelimit
big: data/instances/cauctions/test_8000_16000/instance_2.lp...
  internal:relpscost 0 - 1 (1) nodes 2 lps 2e+02 (4.1e+02 wall 2e+02 proc) s. timelimit
big: data/instances/cauctions/test_8000_16000/instance_3.lp...
  internal:relpscost 0 - 1 (1) nodes 2 lps 2e+02 (3.8e+02 wall 2e+02 proc) s. timelimit
big: data/instances/cauctions/test_8000_16000/instance_4.lp...
  internal:relpscost 0 - 1 (1) nodes 2 lps 2e+02 (3.4e+02 wall 2e+02 proc) s. timelimit
big: data/instances/cauctions/test_8000_16000/instance_5.lp...
  internal:relpscost 0 - 1 (1) nodes 2 lps 2e+02 (2.5e+02 wall 2e+02 proc) s. timelimit
big: data/instances/cauctions/test_8000_16000/instance_6.lp...
  internal:relpscost 0 - 1 (1) nodes 2 lps 2e+02 (4.3e+02 wall 2e+02 proc) s. timelimit
big: data/instances/cauctions/test_8000_16000/instance_7.lp...
  internal:relpscost 0 - 1 (1) nodes 2 lps 2e+02 (3.7e+02 wall 2e+02 proc) s. timelimit
big: data/instances/cauctions/test_8000_16000/instance_8.lp...
  internal:relpscost 0 - 1 (1) nodes 2 lps 2e+02 (4.4e+02 wall 2e+02 proc) s. timelimit
big: data/instances/cauctions/test_8000_16000/instance_9.lp...
  internal:relpscost 0 - 1 (1) nodes 2 lps 2e+02 (3.3e+02 wall 2e+02 proc) s. timelimit
big: data/instances/cauctions/test_8000_16000/instance_10.lp...
  internal:relpscost 0 - 1 (1) nodes 2 lps 2e+02 (2.9e+02 wall 2e+02 proc) s. timelimit
big: data/instances/cauctions/test_8000_16000/instance_11.lp...
  internal:relpscost 0 - 1 (1) nodes 2 lps 2e+02 (2.9e+02 wall 2e+02 proc) s. timelimit
big: data/instances/cauctions/test_8000_16000/instance_12.lp...
  internal:relpscost 0 - 1 (1) nodes 2 lps 2e+02 (3.3e+02 wall 2e+02 proc) s. timelimit
big: data/instances/cauctions/test_8000_16000/instance_13.lp...
  internal:relpscost 0 - 1 (1) nodes 2 lps 2e+02 (3.4e+02 wall 2e+02 proc) s. timelimit
big: data/instances/cauctions/test_8000_16000/instance_14.lp...
  internal:relpscost 0 - 1 (1) nodes 2 lps 2e+02 (3.4e+02 wall 2e+02 proc) s. timelimit
big: data/instances/cauctions/test_8000_16000/instance_15.lp...
  internal:relpscost 0 - 1 (1) nodes 2 lps 2e+02 (3.2e+02 wall 2e+02 proc) s. timelimit
big: data/instances/cauctions/test_8000_16000/instance_16.lp...
  internal:relpscost 0 - 1 (1) nodes 2 lps 2e+02 (3.3e+02 wall 2e+02 proc) s. timelimit
big: data/instances/cauctions/test_8000_16000/instance_17.lp...
  internal:relpscost 0 - 1 (1) nodes 2 lps 2e+02 (4.5e+02 wall 2e+02 proc) s. timelimit
big: data/instances/cauctions/test_8000_16000/instance_18.lp...
  internal:relpscost 0 - 1 (1) nodes 2 lps 2e+02 (3.3e+02 wall 2e+02 proc) s. timelimit
big: data/instances/cauctions/test_8000_16000/instance_19.lp...
  internal:relpscost 0 - 1 (1) nodes 2 lps 2e+02 (2.4e+02 wall 2e+02 proc) s. timelimit
big: data/instances/cauctions/test_8000_16000/instance_20.lp...
  internal:relpscost 0 - 1 (1) nodes 2 lps 2e+02 (2.6e+02 wall 2e+02 proc) s. timelimit
